01-03 18:41:23 com_github_MitjaNemec_ReplicateLayout.action_replicate_layout 326:Plugin executed on: 'darwin'
01-03 18:41:23 com_github_MitjaNemec_ReplicateLayout.action_replicate_layout 327:Plugin executed with python version: '3.8.2 (v3.8.2:7b3ab5921f, Feb 24 2020, 17:52:18) \n[Clang 6.0 (clang-600.0.57)]'
01-03 18:41:23 com_github_MitjaNemec_ReplicateLayout.action_replicate_layout 328:KiCad build version: (6.0.7-1)-1
01-03 18:41:23 com_github_MitjaNemec_ReplicateLayout.action_replicate_layout 329:Plugin version: 1.2.7
01-03 18:41:23 com_github_MitjaNemec_ReplicateLayout.action_replicate_layout 330:Frame repr: <wx._core.Frame object at 0x7fd5c9c6fca0>
01-03 18:41:23 com_github_MitjaNemec_ReplicateLayout.action_replicate_layout 354:Preparing replicator with R9 as a reference
01-03 18:41:23 com_github_MitjaNemec_ReplicateLayout.replicate_layout 110:getting a list of all footprints on board
01-03 18:41:23 com_github_MitjaNemec_ReplicateLayout.replicate_layout 129:Footprint REF** does not have Sheetfile property, it will not be replicated. Most likely it is only in schematics
01-03 18:41:23 com_github_MitjaNemec_ReplicateLayout.replicate_layout 129:Footprint G*** does not have Sheetfile property, it will not be replicated. Most likely it is only in schematics
01-03 18:41:23 com_github_MitjaNemec_ReplicateLayout.replicate_layout 129:Footprint REF** does not have Sheetfile property, it will not be replicated. Most likely it is only in schematics
01-03 18:41:23 com_github_MitjaNemec_ReplicateLayout.replicate_layout 129:Footprint G*** does not have Sheetfile property, it will not be replicated. Most likely it is only in schematics
01-03 18:41:23 com_github_MitjaNemec_ReplicateLayout.replicate_layout 129:Footprint Ge does not have Sheetfile property, it will not be replicated. Most likely it is only in schematics
01-03 18:41:23 com_github_MitjaNemec_ReplicateLayout.action_replicate_layout 402:source anchor footprint is 'R9'
Located on: ['RS485-1']
With filenames: ['RS485.kicad_sch']
With sheet_id:['RS485-1']
01-03 18:41:23 com_github_MitjaNemec_ReplicateLayout.action_replicate_layout 409:Corresponding footprints are 
[('R9', ['RS485-1']), ('R11', ['RS485-2']), ('R13', ['RS485-3'])]
01-03 18:41:23 com_github_MitjaNemec_ReplicateLayout.action_replicate_layout 421:Showing dialog
01-03 18:41:23 com_github_MitjaNemec_ReplicateLayout.replicate_layout 358:constructing a list of sheets suitable for replication on level:'RS485-1', file:'RS485.kicad_sch'
01-03 18:41:23 com_github_MitjaNemec_ReplicateLayout.replicate_layout 395:suitable sheets are:[['RS485-2'], ['RS485-3']]
01-03 18:41:23 com_github_MitjaNemec_ReplicateLayout.replicate_layout 1322:Level selected: ['RS485-1']
01-03 18:41:23 com_github_MitjaNemec_ReplicateLayout.replicate_layout 1157:Filtering list of tracks
01-03 18:41:23 com_github_MitjaNemec_ReplicateLayout.action_replicate_layout 427:Toolbar position: wx.Point(1246, 87)
01-03 18:41:23 com_github_MitjaNemec_ReplicateLayout.action_replicate_layout 432:Dialog position: wx.Point(882, 87)
01-03 18:41:25 com_github_MitjaNemec_ReplicateLayout.replicate_layout 358:constructing a list of sheets suitable for replication on level:'RS485-1', file:'RS485.kicad_sch'
01-03 18:41:25 com_github_MitjaNemec_ReplicateLayout.replicate_layout 395:suitable sheets are:[['RS485-2'], ['RS485-3']]
01-03 18:41:25 com_github_MitjaNemec_ReplicateLayout.replicate_layout 1322:Level selected: ['RS485-1']
01-03 18:41:25 com_github_MitjaNemec_ReplicateLayout.replicate_layout 1157:Filtering list of tracks
01-03 18:41:29 com_github_MitjaNemec_ReplicateLayout.replicate_layout 358:constructing a list of sheets suitable for replication on level:'RS485-1', file:'RS485.kicad_sch'
01-03 18:41:29 com_github_MitjaNemec_ReplicateLayout.replicate_layout 395:suitable sheets are:[['RS485-2'], ['RS485-3']]
01-03 18:41:29 com_github_MitjaNemec_ReplicateLayout.action_replicate_layout 188:Replicating layout
01-03 18:41:29 com_github_MitjaNemec_ReplicateLayout.replicate_layout 204:Starting replication of sheets: [['RS485-2'], ['RS485-3']]
on level: ['RS485-1']
with tracks=True, zone=True, text=True, text=True, intersecting=False, remove=False, locked footprints=False, group_only=True
01-03 18:41:29 root 266:updating GUI message: 'Preparing for replication'
01-03 18:41:29 root 271:updating GUI with: 0
01-03 18:41:29 com_github_MitjaNemec_ReplicateLayout.replicate_layout 274:Getting the list of source footprints
01-03 18:41:29 root 271:updating GUI with: 0
01-03 18:41:29 com_github_MitjaNemec_ReplicateLayout.replicate_layout 284:Getting the list of all the remaining footprints
01-03 18:41:29 com_github_MitjaNemec_ReplicateLayout.replicate_layout 291:Getting source tracks
01-03 18:41:29 com_github_MitjaNemec_ReplicateLayout.replicate_layout 1157:Filtering list of tracks
01-03 18:41:29 com_github_MitjaNemec_ReplicateLayout.replicate_layout 295:Getting source zones
01-03 18:41:29 root 271:updating GUI with: 50
01-03 18:41:29 com_github_MitjaNemec_ReplicateLayout.replicate_layout 299:Getting source text items
01-03 18:41:29 com_github_MitjaNemec_ReplicateLayout.replicate_layout 303:Getting source drawing items
01-03 18:41:29 root 266:updating GUI message: 'Replicating footprints'
01-03 18:41:29 com_github_MitjaNemec_ReplicateLayout.replicate_layout 709:Replicating footprints
01-03 18:41:29 root 271:updating GUI with: 0
01-03 18:41:29 com_github_MitjaNemec_ReplicateLayout.replicate_layout 715:Replicating footprints on sheet ['RS485-2']
01-03 18:41:29 com_github_MitjaNemec_ReplicateLayout.replicate_layout 715:Replicating footprints on sheet ['RS485-3']
01-03 18:41:29 root 266:updating GUI message: 'Replicating tracks'
01-03 18:41:29 com_github_MitjaNemec_ReplicateLayout.replicate_layout 875:Replicating tracks
01-03 18:41:29 com_github_MitjaNemec_ReplicateLayout.replicate_layout 881:Replicating tracks on sheet ['RS485-2']
01-03 18:41:29 com_github_MitjaNemec_ReplicateLayout.replicate_layout 881:Replicating tracks on sheet ['RS485-3']
01-03 18:41:29 root 266:updating GUI message: 'Replicating zones'
01-03 18:41:29 com_github_MitjaNemec_ReplicateLayout.replicate_layout 935:Replicating zones
01-03 18:41:29 com_github_MitjaNemec_ReplicateLayout.replicate_layout 942:Replicating zones on sheet ['RS485-2']
01-03 18:41:29 com_github_MitjaNemec_ReplicateLayout.replicate_layout 942:Replicating zones on sheet ['RS485-3']
01-03 18:41:29 root 266:updating GUI message: 'Replicating text'
01-03 18:41:29 com_github_MitjaNemec_ReplicateLayout.replicate_layout 1013:Replicating text
01-03 18:41:29 com_github_MitjaNemec_ReplicateLayout.replicate_layout 1020:Replicating text on sheet ['RS485-2']
01-03 18:41:29 com_github_MitjaNemec_ReplicateLayout.replicate_layout 1020:Replicating text on sheet ['RS485-3']
01-03 18:41:29 root 266:updating GUI message: 'Replicating drawings'
01-03 18:41:29 com_github_MitjaNemec_ReplicateLayout.replicate_layout 1054:Replicating drawings
01-03 18:41:29 com_github_MitjaNemec_ReplicateLayout.replicate_layout 1060:Replicating drawings on sheet ['RS485-2']
01-03 18:41:29 com_github_MitjaNemec_ReplicateLayout.replicate_layout 1060:Replicating drawings on sheet ['RS485-3']
01-03 18:41:29 com_github_MitjaNemec_ReplicateLayout.action_replicate_layout 204:Replication complete
